<?xml version="1.0" encoding="UTF-8"?>
<testng-results skipped="0" failed="0" ignored="0" total="1" passed="1">
  <reporter-output>
  </reporter-output>
  <suite name="com.Excel.Test1" duration-ms="30361" started-at="2021-06-06T16:29:02 IST" finished-at="2021-06-06T16:29:32 IST">
    <groups>
    </groups>
    <test name="Command line test" duration-ms="30361" started-at="2021-06-06T16:29:02 IST" finished-at="2021-06-06T16:29:32 IST">
      <class name="com.Excel.Test1">
        <test-method status="PASS" signature="test_start()[pri:0, instance:com.Excel.Test1@65e2dbf3]" name="test_start" duration-ms="30196" started-at="2021-06-06T16:29:02 IST" finished-at="2021-06-06T16:29:32 IST">
          <reporter-output>
          </reporter-output>
        </test-method> <!-- test_start -->
      </class> <!-- com.Excel.Test1 -->
    </test> <!-- Command line test -->
  </suite> <!-- com.Excel.Test1 -->
</testng-results>
