<?xml version="1.0" encoding="UTF-8"?>
<testng-results skipped="0" failed="0" ignored="0" total="1" passed="1">
  <reporter-output>
  </reporter-output>
  <suite name="Default suite" duration-ms="84" started-at="2021-06-05T23:04:03 IST" finished-at="2021-06-05T23:04:03 IST">
    <groups>
    </groups>
    <test name="Default test" duration-ms="84" started-at="2021-06-05T23:04:03 IST" finished-at="2021-06-05T23:04:03 IST">
      <class name="com.Excel.Test1">
        <test-method status="PASS" signature="test_start()[pri:0, instance:com.Excel.Test1@4d50efb8]" name="test_start" duration-ms="20" started-at="2021-06-05T23:04:03 IST" finished-at="2021-06-05T23:04:03 IST">
          <reporter-output>
          </reporter-output>
        </test-method> <!-- test_start -->
      </class> <!-- com.Excel.Test1 -->
    </test> <!-- Default test -->
  </suite> <!-- Default suite -->
</testng-results>
